<?xml version="1.0" encoding="UTF-8"?>
<!-- Generated by org.testng.reporters.JUnitReportReporter -->
<testsuite hostname="MohamadPC" failures="0" tests="4" name="My_Maven_Package.TestingTestNG" time="0.009" errors="0" timestamp="2023-04-23T19:49:49 EDT" skipped="0">
  <testcase classname="My_Maven_Package.TestingTestNG" name="loginTest3" time="0.001"/>
  <system-out/>
  <testcase classname="My_Maven_Package.TestingTestNG" name="loginTest4" time="0.001"/>
  <system-out/>
  <testcase classname="My_Maven_Package.TestingTestNG" name="loginTest1" time="0.006"/>
  <system-out/>
  <testcase classname="My_Maven_Package.TestingTestNG" name="loginTest2" time="0.001"/>
  <system-out/>
</testsuite> <!-- My_Maven_Package.TestingTestNG -->
