<?xml version="1.0" encoding="UTF-8"?>
<!-- Generated by org.testng.reporters.JUnitReportReporter -->
<testsuite hostname="MohamadPC" failures="0" tests="3" name="My_Maven_Package.TestingTestNG" time="0.010" errors="0" timestamp="2023-04-23T10:46:35 EDT" skipped="0">
  <testcase classname="My_Maven_Package.TestingTestNG" name="loginTest1" time="0.008"/>
  <system-out/>
  <testcase classname="My_Maven_Package.TestingTestNG" name="loginTest2" time="0.001"/>
  <system-out/>
  <testcase classname="My_Maven_Package.TestingTestNG" name="loginTest4" time="0.001"/>
  <system-out/>
</testsuite> <!-- My_Maven_Package.TestingTestNG -->
